<?xml version="1.0" encoding="UTF-8"?>
<!-- Generated by org.testng.reporters.JUnitReportReporter -->
<testsuite hostname="hp-pc" name="Cucumber.Demo.TC_InvalidCredentials" tests="1" failures="0" timestamp="21 Nov 2017 17:21:46 GMT" time="5.169" errors="0">
  <testcase name="login" time="5.169" classname="Cucumber.Demo.TC_InvalidCredentials"/>
</testsuite> <!-- Cucumber.Demo.TC_InvalidCredentials -->
